<?xml version="1.0" encoding="UTF-8"?>
<!-- Generated by org.testng.reporters.JUnitReportReporter -->
<testsuite skipped="0" hostname="DESKTOP-SL459VR" name="Org.example.testRunner.runners" tests="19" failures="2" timestamp="2022-08-16T10:33:11 EET" time="334.602" errors="1">
  <testcase name="runScenario" time="11.240" classname="Org.example.testRunner.runners">
    <failure type="java.lang.AssertionError" message="expected [https://demo.nopcommerce.com/iphone-6] but found [https://demo.nopcommerce.com/]">
      <![CDATA[java.lang.AssertionError: expected [https://demo.nopcommerce.com/iphone-6] but found [https://demo.nopcommerce.com/]
at org.testng.Assert.fail(Assert.java:110)
at org.testng.Assert.failNotEquals(Assert.java:1413)
at org.testng.Assert.assertEqualsImpl(Assert.java:149)
at org.testng.Assert.assertEquals(Assert.java:131)
at org.testng.Assert.assertEquals(Assert.java:655)
at org.testng.Assert.assertEquals(Assert.java:665)
at Org.example.stepDefs.D06_homeSlidersStepDef.directs_toUrl(D06_homeSlidersStepDef.java:24)
at ✽.user directs to "https://demo.nopcommerce.com/iphone-6"(file:///H:/Testing/E_Commerce/src/main/resources/features/F06_homeSliders.feature:11)
]]>
    </failure>
  </testcase> <!-- runScenario -->
  <system-out/>
  <testcase name="runScenario" time="21.968" classname="Org.example.testRunner.runners"/>
  <system-out/>
  <testcase name="runScenario" time="22.649" classname="Org.example.testRunner.runners"/>
  <system-out/>
  <testcase name="runScenario" time="9.268" classname="Org.example.testRunner.runners"/>
  <system-out/>
  <testcase name="runScenario" time="10.772" classname="Org.example.testRunner.runners"/>
  <system-out/>
  <testcase name="runScenario" time="9.940" classname="Org.example.testRunner.runners"/>
  <system-out/>
  <testcase name="runScenario" time="11.480" classname="Org.example.testRunner.runners">
    <failure type="java.lang.AssertionError" message="expected [https://demo.nopcommerce.com/nokia-lumia-1020] but found [https://demo.nopcommerce.com/]">
      <![CDATA[java.lang.AssertionError: expected [https://demo.nopcommerce.com/nokia-lumia-1020] but found [https://demo.nopcommerce.com/]
at org.testng.Assert.fail(Assert.java:110)
at org.testng.Assert.failNotEquals(Assert.java:1413)
at org.testng.Assert.assertEqualsImpl(Assert.java:149)
at org.testng.Assert.assertEquals(Assert.java:131)
at org.testng.Assert.assertEquals(Assert.java:655)
at org.testng.Assert.assertEquals(Assert.java:665)
at Org.example.stepDefs.D06_homeSlidersStepDef.directs_toUrl(D06_homeSlidersStepDef.java:24)
at ✽.user directs to "https://demo.nopcommerce.com/nokia-lumia-1020"(file:///H:/Testing/E_Commerce/src/main/resources/features/F06_homeSliders.feature:6)
]]>
    </failure>
  </testcase> <!-- runScenario -->
  <system-out/>
  <testcase name="runScenario" time="16.080" classname="Org.example.testRunner.runners">
    <error type="org.openqa.selenium.TimeoutException" message="Expected condition failed: waiting for number of open windows to be 2 (tried for 7 second(s) with 500 milliseconds interval)
Build info: version: &#039;4.4.0&#039;, revision: &#039;e5c75ed026a&#039;
System info: host: &#039;DESKTOP-SL459VR&#039;, ip: &#039;192.168.3.136&#039;, os.name: &#039;Windows 10&#039;, os.arch: &#039;amd64&#039;, os.version: &#039;10.0&#039;, java.version: &#039;1.8.0_341&#039;
Driver info: org.openqa.selenium.chrome.ChromeDriver
Capabilities {acceptInsecureCerts: false, browserName: chrome, browserVersion: 104.0.5112.81, chrome: {chromedriverVersion: 104.0.5112.79 (3cf3e8c8a07d..., userDataDir: C:\Users\Mai\AppData\Local\...}, goog:chromeOptions: {debuggerAddress: localhost:6056}, networkConnectionEnabled: false, pageLoadStrategy: normal, platformName: WINDOWS, proxy: Proxy(), se:cdp: ws://localhost:6056/devtool..., se:cdpVersion: 104.0.5112.81, setWindowRect: true, strictFileInteractability: false, timeouts: {implicit: 0, pageLoad: 300000, script: 30000}, unhandledPromptBehavior: dismiss and notify, webauthn:extension:credBlob: true, webauthn:extension:largeBlob: true, webauthn:virtualAuthenticators: true}
Session ID: c86ea16196814d5e126638aa987ce593">
      <![CDATA[org.openqa.selenium.TimeoutException: Expected condition failed: waiting for number of open windows to be 2 (tried for 7 second(s) with 500 milliseconds interval)
Build info: version: '4.4.0', revision: 'e5c75ed026a'
System info: host: 'DESKTOP-SL459VR', ip: '192.168.3.136', os.name: 'Windows 10', os.arch: 'amd64', os.version: '10.0', java.version: '1.8.0_341'
Driver info: org.openqa.selenium.chrome.ChromeDriver
Capabilities {acceptInsecureCerts: false, browserName: chrome, browserVersion: 104.0.5112.81, chrome: {chromedriverVersion: 104.0.5112.79 (3cf3e8c8a07d..., userDataDir: C:\Users\Mai\AppData\Local\...}, goog:chromeOptions: {debuggerAddress: localhost:6056}, networkConnectionEnabled: false, pageLoadStrategy: normal, platformName: WINDOWS, proxy: Proxy(), se:cdp: ws://localhost:6056/devtool..., se:cdpVersion: 104.0.5112.81, setWindowRect: true, strictFileInteractability: false, timeouts: {implicit: 0, pageLoad: 300000, script: 30000}, unhandledPromptBehavior: dismiss and notify, webauthn:extension:credBlob: true, webauthn:extension:largeBlob: true, webauthn:virtualAuthenticators: true}
Session ID: c86ea16196814d5e126638aa987ce593
at org.openqa.selenium.support.ui.WebDriverWait.timeoutException(WebDriverWait.java:87)
at org.openqa.selenium.support.ui.FluentWait.until(FluentWait.java:231)
at Org.example.stepDefs.D07_followUsStepDef.open_newTab(D07_followUsStepDef.java:43)
at ✽."https://demo.nopcommerce.com/new-online-store-is-open" is opened in new tab(file:///H:/Testing/E_Commerce/src/main/resources/features/F07_followUs.feature:14)
]]>
    </error>
  </testcase> <!-- runScenario -->
  <system-out/>
  <testcase name="runScenario" time="17.794" classname="Org.example.testRunner.runners"/>
  <system-out/>
  <testcase name="runScenario" time="21.206" classname="Org.example.testRunner.runners"/>
  <system-out/>
  <testcase name="runScenario" time="40.548" classname="Org.example.testRunner.runners"/>
  <system-out/>
  <testcase name="runScenario" time="9.441" classname="Org.example.testRunner.runners"/>
  <system-out/>
  <testcase name="runScenario" time="12.611" classname="Org.example.testRunner.runners"/>
  <system-out/>
  <testcase name="runScenario" time="14.016" classname="Org.example.testRunner.runners"/>
  <system-out/>
  <testcase name="runScenario" time="39.031" classname="Org.example.testRunner.runners"/>
  <system-out/>
  <testcase name="runScenario" time="11.576" classname="Org.example.testRunner.runners"/>
  <system-out/>
  <testcase name="runScenario" time="13.784" classname="Org.example.testRunner.runners"/>
  <system-out/>
  <testcase name="runScenario" time="31.108" classname="Org.example.testRunner.runners"/>
  <system-out/>
  <testcase name="runScenario" time="10.090" classname="Org.example.testRunner.runners"/>
  <system-out/>
</testsuite> <!-- Org.example.testRunner.runners -->
